2020-10-05 02:17:01 ERROR AdminServiceImpl:78 - by.itechart.library.dao.exception.DAOException
2020-10-05 02:17:01 ERROR AdminServiceImpl:138 - by.itechart.library.dao.exception.DAOException
2020-10-05 02:17:01 ERROR AdminServiceImpl:68 - by.itechart.library.dao.exception.DAOException
2020-10-05 02:17:01 ERROR AdminServiceImpl:89 - by.itechart.library.dao.exception.DAOException
2020-10-05 02:17:01 ERROR AdminServiceImpl:126 - by.itechart.library.dao.exception.DAOException
2020-10-05 02:17:01 ERROR AdminServiceImpl:115 - by.itechart.library.service.exception.ValidatorException
2020-10-05 02:17:01 ERROR AdminServiceImpl:150 - by.itechart.library.dao.exception.DAOException
2020-10-05 02:21:49 ERROR AdminServiceImpl:42 - by.itechart.library.dao.exception.DAOException
2020-10-05 02:23:24 ERROR AdminServiceImpl:55 - by.itechart.library.dao.exception.DAOException
2020-10-05 02:28:11 ERROR AdminServiceImpl:78 - by.itechart.library.dao.exception.DAOException
2020-10-05 02:28:11 ERROR AdminServiceImpl:128 - by.itechart.library.dao.exception.DAOException
2020-10-05 02:28:11 ERROR AdminServiceImpl:55 - by.itechart.library.dao.exception.DAOException
2020-10-05 02:28:11 ERROR AdminServiceImpl:68 - by.itechart.library.dao.exception.DAOException
2020-10-05 02:28:11 ERROR AdminServiceImpl:116 - by.itechart.library.dao.exception.DAOException
2020-10-05 02:28:11 ERROR AdminServiceImpl:105 - by.itechart.library.service.exception.ValidatorException
2020-10-05 02:28:11 ERROR AdminServiceImpl:140 - by.itechart.library.dao.exception.DAOException
2020-10-05 02:28:11 ERROR AdminServiceImpl:42 - by.itechart.library.dao.exception.DAOException
2020-10-05 02:28:42 ERROR AdminServiceImpl:78 - by.itechart.library.dao.exception.DAOException
2020-10-05 02:28:42 ERROR AdminServiceImpl:128 - by.itechart.library.dao.exception.DAOException
2020-10-05 02:28:42 ERROR AdminServiceImpl:55 - by.itechart.library.dao.exception.DAOException
2020-10-05 02:28:42 ERROR AdminServiceImpl:68 - by.itechart.library.dao.exception.DAOException
2020-10-05 02:28:42 ERROR AdminServiceImpl:116 - by.itechart.library.dao.exception.DAOException
2020-10-05 02:28:42 ERROR AdminServiceImpl:105 - by.itechart.library.service.exception.ValidatorException
2020-10-05 02:28:42 ERROR AdminServiceImpl:140 - by.itechart.library.dao.exception.DAOException
2020-10-05 02:28:42 ERROR AdminServiceImpl:42 - by.itechart.library.dao.exception.DAOException
2020-10-05 02:29:36 ERROR CommonServiceImpl:71 - by.itechart.library.dao.exception.DAOException
2020-10-05 02:29:36 ERROR CommonServiceImpl:48 - by.itechart.library.dao.exception.DAOException
2020-10-05 02:29:36 ERROR CommonServiceImpl:94 - by.itechart.library.dao.exception.DAOException
2020-10-05 02:29:36 ERROR CommonServiceImpl:106 - by.itechart.library.dao.exception.DAOException
2020-10-05 02:29:36 ERROR CommonServiceImpl:59 - by.itechart.library.dao.exception.DAOException
2020-10-05 02:29:36 ERROR CommonServiceImpl:48 - by.itechart.library.service.exception.ValidatorException
2020-10-05 02:29:36 ERROR CommonServiceImpl:36 - by.itechart.library.dao.exception.DAOException
2020-10-05 02:29:36 ERROR CommonServiceImpl:118 - by.itechart.library.dao.exception.DAOException
2020-10-05 02:29:36 ERROR CommonServiceImpl:82 - by.itechart.library.dao.exception.DAOException
2020-10-05 02:29:36 ERROR CommonServiceImpl:71 - by.itechart.library.service.exception.ValidatorException
2020-10-05 02:29:36 ERROR CommonServiceImpl:130 - by.itechart.library.dao.exception.DAOException
2020-10-05 02:30:27 ERROR CommonServiceImpl:71 - by.itechart.library.dao.exception.DAOException
2020-10-05 02:30:27 ERROR CommonServiceImpl:48 - by.itechart.library.dao.exception.DAOException
2020-10-05 02:30:27 ERROR CommonServiceImpl:94 - by.itechart.library.dao.exception.DAOException
2020-10-05 02:30:27 ERROR CommonServiceImpl:106 - by.itechart.library.dao.exception.DAOException
2020-10-05 02:30:27 ERROR CommonServiceImpl:59 - by.itechart.library.dao.exception.DAOException
2020-10-05 02:30:27 ERROR CommonServiceImpl:48 - by.itechart.library.service.exception.ValidatorException
2020-10-05 02:30:27 ERROR CommonServiceImpl:36 - by.itechart.library.dao.exception.DAOException
2020-10-05 02:30:27 ERROR CommonServiceImpl:118 - by.itechart.library.dao.exception.DAOException
2020-10-05 02:30:27 ERROR CommonServiceImpl:82 - by.itechart.library.dao.exception.DAOException
2020-10-05 02:30:27 ERROR CommonServiceImpl:71 - by.itechart.library.service.exception.ValidatorException
2020-10-05 02:30:27 ERROR CommonServiceImpl:130 - by.itechart.library.dao.exception.DAOException
2020-10-05 02:30:55 ERROR UserServiceImpl:60 - by.itechart.library.dao.exception.DAOException
2020-10-05 02:30:55 ERROR UserServiceImpl:83 - by.itechart.library.dao.exception.DAOException
2020-10-05 02:30:55 ERROR UserServiceImpl:49 - by.itechart.library.dao.exception.DAOException
2020-10-05 02:30:55 ERROR UserServiceImpl:49 - by.itechart.library.service.exception.ValidatorException
2020-10-05 02:30:55 ERROR UserServiceImpl:49 - by.itechart.library.dao.exception.DAOException
2020-10-05 02:33:32 ERROR UserServiceImpl:71 - by.itechart.library.dao.exception.DAOException
2020-10-05 02:35:39 ERROR UserServiceImpl:71 - by.itechart.library.dao.exception.DAOException
2020-10-05 02:37:56 ERROR UserServiceImpl:60 - by.itechart.library.dao.exception.DAOException
2020-10-05 02:37:56 ERROR UserServiceImpl:83 - by.itechart.library.dao.exception.DAOException
2020-10-05 02:37:56 ERROR UserServiceImpl:71 - by.itechart.library.dao.exception.DAOException
2020-10-05 02:37:56 ERROR UserServiceImpl:71 - by.itechart.library.dao.exception.DAOException
2020-10-05 02:37:56 ERROR UserServiceImpl:49 - by.itechart.library.dao.exception.DAOException
2020-10-05 02:37:56 ERROR UserServiceImpl:49 - by.itechart.library.service.exception.ValidatorException
2020-10-05 02:37:56 ERROR UserServiceImpl:49 - by.itechart.library.dao.exception.DAOException
2020-10-05 02:47:29 ERROR UserServiceImpl:60 - by.itechart.library.dao.exception.DAOException
2020-10-05 02:47:29 ERROR UserServiceImpl:83 - by.itechart.library.dao.exception.DAOException
2020-10-05 02:47:29 ERROR UserServiceImpl:71 - by.itechart.library.dao.exception.DAOException
2020-10-05 02:47:29 ERROR UserServiceImpl:71 - by.itechart.library.dao.exception.DAOException
2020-10-05 02:47:29 ERROR UserServiceImpl:49 - by.itechart.library.dao.exception.DAOException
2020-10-05 02:47:29 ERROR UserServiceImpl:49 - by.itechart.library.service.exception.ValidatorException
2020-10-05 02:47:29 ERROR UserServiceImpl:49 - by.itechart.library.dao.exception.DAOException
2020-10-05 02:48:01 INFO  SignInCommand:37 - signing in
2020-10-05 02:48:01 ERROR AdminServiceImpl:78 - by.itechart.library.dao.exception.DAOException
2020-10-05 02:48:01 ERROR AdminServiceImpl:128 - by.itechart.library.dao.exception.DAOException
2020-10-05 02:48:01 ERROR AdminServiceImpl:55 - by.itechart.library.dao.exception.DAOException
2020-10-05 02:48:01 ERROR AdminServiceImpl:68 - by.itechart.library.dao.exception.DAOException
2020-10-05 02:48:01 ERROR AdminServiceImpl:116 - by.itechart.library.dao.exception.DAOException
2020-10-05 02:48:01 ERROR AdminServiceImpl:105 - by.itechart.library.service.exception.ValidatorException
2020-10-05 02:48:01 ERROR AdminServiceImpl:140 - by.itechart.library.dao.exception.DAOException
2020-10-05 02:48:01 ERROR AdminServiceImpl:42 - by.itechart.library.dao.exception.DAOException
2020-10-05 02:48:01 ERROR CommonServiceImpl:71 - by.itechart.library.dao.exception.DAOException
2020-10-05 02:48:01 ERROR CommonServiceImpl:48 - by.itechart.library.dao.exception.DAOException
2020-10-05 02:48:01 ERROR CommonServiceImpl:94 - by.itechart.library.dao.exception.DAOException
2020-10-05 02:48:01 ERROR CommonServiceImpl:106 - by.itechart.library.dao.exception.DAOException
2020-10-05 02:48:01 ERROR CommonServiceImpl:59 - by.itechart.library.dao.exception.DAOException
2020-10-05 02:48:01 ERROR CommonServiceImpl:48 - by.itechart.library.service.exception.ValidatorException
2020-10-05 02:48:01 ERROR CommonServiceImpl:36 - by.itechart.library.dao.exception.DAOException
2020-10-05 02:48:01 ERROR CommonServiceImpl:118 - by.itechart.library.dao.exception.DAOException
2020-10-05 02:48:01 ERROR CommonServiceImpl:82 - by.itechart.library.dao.exception.DAOException
2020-10-05 02:48:01 ERROR CommonServiceImpl:71 - by.itechart.library.service.exception.ValidatorException
2020-10-05 02:48:01 ERROR CommonServiceImpl:130 - by.itechart.library.dao.exception.DAOException
2020-10-05 02:48:01 ERROR UserServiceImpl:60 - by.itechart.library.dao.exception.DAOException
2020-10-05 02:48:01 ERROR UserServiceImpl:83 - by.itechart.library.dao.exception.DAOException
2020-10-05 02:48:01 ERROR UserServiceImpl:71 - by.itechart.library.dao.exception.DAOException
2020-10-05 02:48:01 ERROR UserServiceImpl:71 - by.itechart.library.dao.exception.DAOException
2020-10-05 02:48:01 ERROR UserServiceImpl:49 - by.itechart.library.dao.exception.DAOException
2020-10-05 02:48:01 ERROR UserServiceImpl:49 - by.itechart.library.service.exception.ValidatorException
2020-10-05 02:48:01 ERROR UserServiceImpl:49 - by.itechart.library.dao.exception.DAOException
2020-10-05 02:48:01 ERROR BookValidatorImpl:123 - by.itechart.library.dao.exception.DAOException
2020-10-05 02:48:01 ERROR BookValidatorImpl:136 - by.itechart.library.dao.exception.DAOException
2020-10-05 02:49:12 ERROR UserValidatorImpl:75 - by.itechart.library.dao.exception.DAOException
2020-10-05 02:49:12 ERROR UserValidatorImpl:48 - by.itechart.library.dao.exception.DAOException
2020-10-05 02:49:46 ERROR BookValidatorImpl:123 - by.itechart.library.dao.exception.DAOException
2020-10-05 02:49:46 ERROR BookValidatorImpl:136 - by.itechart.library.dao.exception.DAOException
2020-10-05 02:50:11 ERROR BookValidatorImpl:123 - by.itechart.library.dao.exception.DAOException
2020-10-05 02:50:11 ERROR BookValidatorImpl:136 - by.itechart.library.dao.exception.DAOException
2020-10-05 02:50:55 ERROR AdminServiceImpl:78 - by.itechart.library.dao.exception.DAOException
2020-10-05 02:50:55 ERROR AdminServiceImpl:128 - by.itechart.library.dao.exception.DAOException
2020-10-05 02:50:55 ERROR AdminServiceImpl:55 - by.itechart.library.dao.exception.DAOException
2020-10-05 02:50:55 ERROR AdminServiceImpl:68 - by.itechart.library.dao.exception.DAOException
2020-10-05 02:50:55 ERROR AdminServiceImpl:116 - by.itechart.library.dao.exception.DAOException
2020-10-05 02:50:55 ERROR AdminServiceImpl:105 - by.itechart.library.service.exception.ValidatorException
2020-10-05 02:50:55 ERROR AdminServiceImpl:140 - by.itechart.library.dao.exception.DAOException
2020-10-05 02:50:55 ERROR AdminServiceImpl:42 - by.itechart.library.dao.exception.DAOException
2020-10-05 02:50:55 ERROR CommonServiceImpl:71 - by.itechart.library.dao.exception.DAOException
2020-10-05 02:50:55 ERROR CommonServiceImpl:48 - by.itechart.library.dao.exception.DAOException
2020-10-05 02:50:55 ERROR CommonServiceImpl:94 - by.itechart.library.dao.exception.DAOException
2020-10-05 02:50:55 ERROR CommonServiceImpl:106 - by.itechart.library.dao.exception.DAOException
2020-10-05 02:50:55 ERROR CommonServiceImpl:59 - by.itechart.library.dao.exception.DAOException
2020-10-05 02:50:55 ERROR CommonServiceImpl:48 - by.itechart.library.service.exception.ValidatorException
2020-10-05 02:50:55 ERROR CommonServiceImpl:36 - by.itechart.library.dao.exception.DAOException
2020-10-05 02:50:55 ERROR CommonServiceImpl:118 - by.itechart.library.dao.exception.DAOException
2020-10-05 02:50:55 ERROR CommonServiceImpl:82 - by.itechart.library.dao.exception.DAOException
2020-10-05 02:50:55 ERROR CommonServiceImpl:71 - by.itechart.library.service.exception.ValidatorException
2020-10-05 02:50:55 ERROR CommonServiceImpl:130 - by.itechart.library.dao.exception.DAOException
2020-10-05 02:50:55 ERROR UserServiceImpl:60 - by.itechart.library.dao.exception.DAOException
2020-10-05 02:50:55 ERROR UserServiceImpl:83 - by.itechart.library.dao.exception.DAOException
2020-10-05 02:50:55 ERROR UserServiceImpl:71 - by.itechart.library.dao.exception.DAOException
2020-10-05 02:50:55 ERROR UserServiceImpl:71 - by.itechart.library.dao.exception.DAOException
2020-10-05 02:50:55 ERROR UserServiceImpl:49 - by.itechart.library.dao.exception.DAOException
2020-10-05 02:50:55 ERROR UserServiceImpl:49 - by.itechart.library.service.exception.ValidatorException
2020-10-05 02:50:55 ERROR UserServiceImpl:49 - by.itechart.library.dao.exception.DAOException
2020-10-05 02:50:55 ERROR BookValidatorImpl:123 - by.itechart.library.dao.exception.DAOException
2020-10-05 02:50:55 ERROR BookValidatorImpl:136 - by.itechart.library.dao.exception.DAOException
2020-10-05 02:50:55 ERROR UserValidatorImpl:75 - by.itechart.library.dao.exception.DAOException
2020-10-05 02:50:55 ERROR UserValidatorImpl:48 - by.itechart.library.dao.exception.DAOException
2020-10-05 02:52:19 ERROR AdminServiceImpl:78 - by.itechart.library.dao.exception.DAOException
2020-10-05 02:52:19 ERROR AdminServiceImpl:128 - by.itechart.library.dao.exception.DAOException
2020-10-05 02:52:19 ERROR AdminServiceImpl:55 - by.itechart.library.dao.exception.DAOException
2020-10-05 02:52:19 ERROR AdminServiceImpl:68 - by.itechart.library.dao.exception.DAOException
2020-10-05 02:52:19 ERROR AdminServiceImpl:116 - by.itechart.library.dao.exception.DAOException
2020-10-05 02:52:19 ERROR AdminServiceImpl:105 - by.itechart.library.service.exception.ValidatorException
2020-10-05 02:52:19 ERROR AdminServiceImpl:140 - by.itechart.library.dao.exception.DAOException
2020-10-05 02:52:19 ERROR AdminServiceImpl:42 - by.itechart.library.dao.exception.DAOException
2020-10-05 02:52:19 ERROR CommonServiceImpl:71 - by.itechart.library.dao.exception.DAOException
2020-10-05 02:52:19 ERROR CommonServiceImpl:48 - by.itechart.library.dao.exception.DAOException
2020-10-05 02:52:19 ERROR CommonServiceImpl:94 - by.itechart.library.dao.exception.DAOException
2020-10-05 02:52:19 ERROR CommonServiceImpl:106 - by.itechart.library.dao.exception.DAOException
2020-10-05 02:52:19 ERROR CommonServiceImpl:59 - by.itechart.library.dao.exception.DAOException
2020-10-05 02:52:19 ERROR CommonServiceImpl:48 - by.itechart.library.service.exception.ValidatorException
2020-10-05 02:52:19 ERROR CommonServiceImpl:36 - by.itechart.library.dao.exception.DAOException
2020-10-05 02:52:19 ERROR CommonServiceImpl:118 - by.itechart.library.dao.exception.DAOException
2020-10-05 02:52:19 ERROR CommonServiceImpl:82 - by.itechart.library.dao.exception.DAOException
2020-10-05 02:52:19 ERROR CommonServiceImpl:71 - by.itechart.library.service.exception.ValidatorException
2020-10-05 02:52:19 ERROR CommonServiceImpl:130 - by.itechart.library.dao.exception.DAOException
2020-10-05 02:52:19 ERROR UserServiceImpl:60 - by.itechart.library.dao.exception.DAOException
2020-10-05 02:52:19 ERROR UserServiceImpl:83 - by.itechart.library.dao.exception.DAOException
2020-10-05 02:52:19 ERROR UserServiceImpl:71 - by.itechart.library.dao.exception.DAOException
2020-10-05 02:52:19 ERROR UserServiceImpl:71 - by.itechart.library.dao.exception.DAOException
2020-10-05 02:52:19 ERROR UserServiceImpl:49 - by.itechart.library.dao.exception.DAOException
2020-10-05 02:52:19 ERROR UserServiceImpl:49 - by.itechart.library.service.exception.ValidatorException
2020-10-05 02:52:19 ERROR UserServiceImpl:49 - by.itechart.library.dao.exception.DAOException
2020-10-05 02:52:19 ERROR BookValidatorImpl:123 - by.itechart.library.dao.exception.DAOException
2020-10-05 02:52:19 ERROR BookValidatorImpl:136 - by.itechart.library.dao.exception.DAOException
2020-10-05 02:52:19 ERROR UserValidatorImpl:75 - by.itechart.library.dao.exception.DAOException
2020-10-05 02:52:19 ERROR UserValidatorImpl:48 - by.itechart.library.dao.exception.DAOException
